c:\users\因\desktop\topics5\dht11\arm\debug\pch.pch
c:\users\因\desktop\topics5\dht11\arm\debug\vc140.pdb
c:\users\因\desktop\topics5\dht11\arm\debug\pch.obj
c:\users\因\desktop\topics5\dht11\arm\debug\class1.obj
c:\users\因\desktop\topics5\arm\debug\dht11\dht11.winmd
c:\users\因\desktop\topics5\arm\debug\dht11\dht11.lib
c:\users\因\desktop\topics5\arm\debug\dht11\dht11.exp
c:\users\因\desktop\topics5\dht11\arm\debug\priconfig.xml
c:\users\因\desktop\topics5\dht11\arm\debug\priconfig.xml.intermediate
c:\users\因\desktop\topics5\dht11\arm\debug\layout.resfiles
c:\users\因\desktop\topics5\dht11\arm\debug\layout.resfiles.intermediate
c:\users\因\desktop\topics5\dht11\arm\debug\resources.resfiles
c:\users\因\desktop\topics5\dht11\arm\debug\resources.resfiles.intermediate
c:\users\因\desktop\topics5\dht11\arm\debug\pri.resfiles
c:\users\因\desktop\topics5\dht11\arm\debug\pri.resfiles.intermediate
c:\users\因\desktop\topics5\arm\debug\dht11\dht11.pri
c:\users\因\desktop\topics5\dht11\arm\debug\qualifiers.txt
c:\users\因\desktop\topics5\dht11\arm\debug\qualifiers.txt.intermediate
c:\users\因\desktop\topics5\dht11\arm\debug\multiplequalifiersperdimensionfound.txt
c:\users\因\desktop\topics5\arm\debug\dht11\dht11.ilk
c:\users\因\desktop\topics5\arm\debug\dht11\dht11.dll
c:\users\因\desktop\topics5\arm\debug\dht11\dht11.pdb
d:\其他文件\新增資料夾\farmapplication\dht11\arm\debug\dht11.vcxprojresolveassemblyreference.cache
d:\其他文件\新增資料夾\farmapplication\dht11\arm\debug\class1.obj
d:\其他文件\新增資料夾\farmapplication\dht11\arm\debug\pch.obj
d:\其他文件\新增資料夾\farmapplication\dht11\arm\debug\pch.pch
d:\其他文件\新增資料夾\farmapplication\dht11\arm\debug\vc140.pdb
d:\其他文件\新增資料夾\farmapplication\dht11\arm\debug\priconfig.xml
d:\其他文件\新增資料夾\farmapplication\arm\debug\dht11\dht11.pdb
d:\其他文件\新增資料夾\farmapplication\arm\debug\dht11\dht11.dll
d:\其他文件\新增資料夾\farmapplication\arm\debug\dht11\dht11.ilk
d:\其他文件\新增資料夾\farmapplication\dht11\arm\debug\dht11.tlog\cl.command.1.tlog
d:\其他文件\新增資料夾\farmapplication\dht11\arm\debug\dht11.tlog\cl.read.1.tlog
d:\其他文件\新增資料夾\farmapplication\dht11\arm\debug\dht11.tlog\cl.write.1.tlog
d:\其他文件\新增資料夾\farmapplication\dht11\arm\debug\dht11.tlog\dht11.read.1u.tlog
d:\其他文件\新增資料夾\farmapplication\dht11\arm\debug\dht11.tlog\dht11.write.1u.tlog
d:\其他文件\新增資料夾\farmapplication\dht11\arm\debug\dht11.tlog\link.command.1.tlog
d:\其他文件\新增資料夾\farmapplication\dht11\arm\debug\dht11.tlog\link.read.1.tlog
d:\其他文件\新增資料夾\farmapplication\dht11\arm\debug\dht11.tlog\link.write.1.tlog
